#-----------------------------------------------------------
# Webtalk v2019.2 (64-bit)
# SW Build 2708876 on Wed Nov  6 21:40:23 MST 2019
# IP Build 2700528 on Thu Nov  7 00:09:20 MST 2019
<<<<<<< Updated upstream
# Start of session at: Thu Dec 24 16:16:00 2020
# Process ID: 4088
=======
# Start of session at: Thu Dec 24 19:00:11 2020
# Process ID: 27332
>>>>>>> Stashed changes
# Current directory: C:/Users/George/Edge-Detection/camera_interface/camera_interface.sim/sim_1/behav/xsim
# Command line: wbtcv.exe -mode batch -source C:/Users/George/Edge-Detection/camera_interface/camera_interface.sim/sim_1/behav/xsim/xsim.dir/top_tb_behav/webtalk/xsim_webtalk.tcl -notrace
# Log file: C:/Users/George/Edge-Detection/camera_interface/camera_interface.sim/sim_1/behav/xsim/webtalk.log
# Journal file: C:/Users/George/Edge-Detection/camera_interface/camera_interface.sim/sim_1/behav/xsim\webtalk.jou
#-----------------------------------------------------------
source C:/Users/George/Edge-Detection/camera_interface/camera_interface.sim/sim_1/behav/xsim/xsim.dir/top_tb_behav/webtalk/xsim_webtalk.tcl -notrace
<<<<<<< Updated upstream
INFO: [Common 17-186] 'C:/Users/George/Edge-Detection/camera_interface/camera_interface.sim/sim_1/behav/xsim/xsim.dir/top_tb_behav/webtalk/usage_statistics_ext_xsim.xml' has been successfully sent to Xilinx on Thu Dec 24 16:16:02 2020. For additional details about this file, please refer to the WebTalk help file at D:/Xilinx/Vivado/2019.2/doc/webtalk_introduction.html.
INFO: [Common 17-206] Exiting Webtalk at Thu Dec 24 16:16:02 2020...
=======
INFO: [Common 17-186] 'C:/Users/George/Edge-Detection/camera_interface/camera_interface.sim/sim_1/behav/xsim/xsim.dir/top_tb_behav/webtalk/usage_statistics_ext_xsim.xml' has been successfully sent to Xilinx on Thu Dec 24 19:00:13 2020. For additional details about this file, please refer to the WebTalk help file at D:/Xilinx/Vivado/2019.2/doc/webtalk_introduction.html.
INFO: [Common 17-206] Exiting Webtalk at Thu Dec 24 19:00:13 2020...
>>>>>>> Stashed changes
