#-----------------------------------------------------------
# Vivado v2019.2 (64-bit)
# SW Build 2708876 on Wed Nov  6 21:40:23 MST 2019
# IP Build 2700528 on Thu Nov  7 00:09:20 MST 2019
# Start of session at: Thu Jan  7 18:05:12 2021
# Process ID: 15156
# Current directory: C:/Users/George/Edge-Detection/Gaussian
# Command line: vivado.exe -gui_launcher_event rodinguilauncherevent3904 C:\Users\George\Edge-Detection\Gaussian\Gaussian.xpr
# Log file: C:/Users/George/Edge-Detection/Gaussian/vivado.log
# Journal file: C:/Users/George/Edge-Detection/Gaussian\vivado.jou
#-----------------------------------------------------------
start_gui
open_project C:/Users/George/Edge-Detection/Gaussian/Gaussian.xpr
Scanning sources...
Finished scanning sources
INFO: [IP_Flow 19-234] Refreshing IP repositories
INFO: [IP_Flow 19-1704] No user IP repositories specified
INFO: [IP_Flow 19-2313] Loaded Vivado IP repository 'D:/Xilinx/Vivado/2019.2/data/ip'.
open_project: Time (s): cpu = 00:00:11 ; elapsed = 00:00:07 . Memory (MB): peak = 864.035 ; gain = 175.844
update_compile_order -fileset sources_1
file mkdir C:/Users/George/Edge-Detection/Gaussian/Gaussian.srcs/sim_1/new
set_property SOURCE_SET sources_1 [get_filesets sim_1]
close [ open C:/Users/George/Edge-Detection/Gaussian/Gaussian.srcs/sim_1/new/gaussian_tb.v w ]
add_files -fileset sim_1 C:/Users/George/Edge-Detection/Gaussian/Gaussian.srcs/sim_1/new/gaussian_tb.v
update_compile_order -fileset sim_1
