INFO: [VRFC 10-2263] Analyzing Verilog file "C:/Users/George/Edge-Detection/greyscale-v5/greyscale-v5.ip_user_files/bd/greyscale_algorithm/sim/greyscale_algorithm.v" into library xil_defaultlib
INFO: [VRFC 10-311] analyzing module greyscale_algorithm
INFO: [VRFC 10-2263] Analyzing Verilog file "C:/Users/George/Edge-Detection/greyscale-v5/greyscale-v5.srcs/sources_1/new/greyscale_input.v" into library xil_defaultlib
INFO: [VRFC 10-311] analyzing module greyscale_input
INFO: [VRFC 10-2263] Analyzing Verilog file "C:/Users/George/Edge-Detection/greyscale-v5/greyscale-v5.srcs/sources_1/new/greyscale_top.v" into library xil_defaultlib
INFO: [VRFC 10-311] analyzing module greyscale_top
INFO: [VRFC 10-2263] Analyzing Verilog file "C:/Users/George/Edge-Detection/greyscale-v5/greyscale-v5.srcs/sim_1/new/greyscale_tb.v" into library xil_defaultlib
INFO: [VRFC 10-311] analyzing module greyscale_tb
INFO: [VRFC 10-2263] Analyzing Verilog file "C:/Users/George/Edge-Detection/greyscale-v5/greyscale-v5.sim/sim_1/behav/xsim/glbl.v" into library xil_defaultlib
INFO: [VRFC 10-311] analyzing module glbl
INFO: [VRFC 10-163] Analyzing VHDL file "C:/Users/George/Edge-Detection/greyscale-v5/greyscale-v5.ip_user_files/bd/greyscale_algorithm/ip/greyscale_algorithm_floating_point_0_0/sim/greyscale_algorithm_floating_point_0_0.vhd" into library xil_defaultlib
INFO: [VRFC 10-3107] analyzing entity 'greyscale_algorithm_floating_point_0_0'
INFO: [VRFC 10-163] Analyzing VHDL file "C:/Users/George/Edge-Detection/greyscale-v5/greyscale-v5.ip_user_files/bd/greyscale_algorithm/ip/greyscale_algorithm_floating_point_1_0/sim/greyscale_algorithm_floating_point_1_0.vhd" into library xil_defaultlib
INFO: [VRFC 10-3107] analyzing entity 'greyscale_algorithm_floating_point_1_0'
INFO: [VRFC 10-163] Analyzing VHDL file "C:/Users/George/Edge-Detection/greyscale-v5/greyscale-v5.ip_user_files/bd/greyscale_algorithm/ip/greyscale_algorithm_floating_point_2_0/sim/greyscale_algorithm_floating_point_2_0.vhd" into library xil_defaultlib
INFO: [VRFC 10-3107] analyzing entity 'greyscale_algorithm_floating_point_2_0'
INFO: [VRFC 10-163] Analyzing VHDL file "C:/Users/George/Edge-Detection/greyscale-v5/greyscale-v5.ip_user_files/bd/greyscale_algorithm/ip/greyscale_algorithm_floating_point_3_0/sim/greyscale_algorithm_floating_point_3_0.vhd" into library xil_defaultlib
INFO: [VRFC 10-3107] analyzing entity 'greyscale_algorithm_floating_point_3_0'
INFO: [VRFC 10-163] Analyzing VHDL file "C:/Users/George/Edge-Detection/greyscale-v5/greyscale-v5.ip_user_files/bd/greyscale_algorithm/ip/greyscale_algorithm_floating_point_4_0/sim/greyscale_algorithm_floating_point_4_0.vhd" into library xil_defaultlib
INFO: [VRFC 10-3107] analyzing entity 'greyscale_algorithm_floating_point_4_0'
INFO: [VRFC 10-163] Analyzing VHDL file "C:/Users/George/Edge-Detection/greyscale-v5/greyscale-v5.ip_user_files/bd/greyscale_algorithm/ip/greyscale_algorithm_floating_point_5_0/sim/greyscale_algorithm_floating_point_5_0.vhd" into library xil_defaultlib
INFO: [VRFC 10-3107] analyzing entity 'greyscale_algorithm_floating_point_5_0'
INFO: [VRFC 10-163] Analyzing VHDL file "C:/Users/George/Edge-Detection/greyscale-v5/greyscale-v5.ip_user_files/bd/greyscale_algorithm/ip/greyscale_algorithm_floating_point_6_0/sim/greyscale_algorithm_floating_point_6_0.vhd" into library xil_defaultlib
INFO: [VRFC 10-3107] analyzing entity 'greyscale_algorithm_floating_point_6_0'
