#-----------------------------------------------------------
# Vivado v2019.2 (64-bit)
# SW Build 2708876 on Wed Nov  6 21:40:23 MST 2019
# IP Build 2700528 on Thu Nov  7 00:09:20 MST 2019
# Start of session at: Fri Dec 18 21:19:02 2020
# Process ID: 23948
# Current directory: C:/Users/George/Edge-Detection/greyscale-v5
# Command line: vivado.exe -gui_launcher_event rodinguilauncherevent13304 C:\Users\George\Edge-Detection\greyscale-v5\greyscale-v5.xpr
# Log file: C:/Users/George/Edge-Detection/greyscale-v5/vivado.log
# Journal file: C:/Users/George/Edge-Detection/greyscale-v5\vivado.jou
#-----------------------------------------------------------
start_gui
open_project C:/Users/George/Edge-Detection/greyscale-v5/greyscale-v5.xpr
Scanning sources...
Finished scanning sources
INFO: [IP_Flow 19-234] Refreshing IP repositories
INFO: [IP_Flow 19-1704] No user IP repositories specified
INFO: [IP_Flow 19-2313] Loaded Vivado IP repository 'D:/Xilinx/Vivado/2019.2/data/ip'.
open_project: Time (s): cpu = 00:00:14 ; elapsed = 00:00:07 . Memory (MB): peak = 957.184 ; gain = 271.297
update_compile_order -fileset sources_1
open_bd_design {C:/Users/George/Edge-Detection/greyscale-v5/greyscale-v5.srcs/sources_1/bd/greyscale_algorithm/greyscale_algorithm.bd}
Adding component instance block -- xilinx.com:ip:floating_point:7.1 - floating_point_0
Adding component instance block -- xilinx.com:ip:floating_point:7.1 - floating_point_1
Adding component instance block -- xilinx.com:ip:floating_point:7.1 - floating_point_2
Adding component instance block -- xilinx.com:ip:floating_point:7.1 - floating_point_3
Adding component instance block -- xilinx.com:ip:floating_point:7.1 - floating_point_4
Adding component instance block -- xilinx.com:ip:floating_point:7.1 - floating_point_5
Adding component instance block -- xilinx.com:ip:floating_point:7.1 - floating_point_6
Successfully read diagram <greyscale_algorithm> from BD file <C:/Users/George/Edge-Detection/greyscale-v5/greyscale-v5.srcs/sources_1/bd/greyscale_algorithm/greyscale_algorithm.bd>
exit
